app/build/outputs/mapping/release/seeds.txt
com.agonlabs.nefesal.ui.screens.home.HomeViewModel
com.agonlabs.nefesal.ui.LocaleViewModel
com.agonlabs.nefesal.ui.screens.settings.SettingsViewModel
com.agonlabs.nefesal.MainActivity
com.agonlabs.nefesal.MainActivity_GeneratedInjector
com.agonlabs.nefesal.NefesAlApplication_GeneratedInjector
com.agonlabs.nefesal.NefesAlApplication
com.agonlabs.nefesal.NefesAlApplication: NefesAlApplication()
com.agonlabs.nefesal.data.PolicyType: com.agonlabs.nefesal.data.PolicyType[] values()
com.agonlabs.nefesal.MainActivity: MainActivity()
com.agonlabs.nefesal.data.PolicyType: com.agonlabs.nefesal.data.PolicyType valueOf(java.lang.String)
...
androidx.navigation.compose.DialogNavigator
com.google.firebase.FirebaseCommonKtxRegistrar
androidx.compose.ui.semantics.AppendedSemanticsElement
com.google.firebase.crashlytics.FirebaseCrashlyticsKtxRegistrar
dagger.hilt.android.internal.lifecycle.DefaultViewModelFactories$ActivityEntryPoint
com.google.android.datatransport.runtime.scheduling.jobscheduling.AlarmManagerSchedulerBroadcastReceiver
androidx.compose.foundation.text.modifiers.SelectableTextAnnotatedStringElement
androidx.compose.ui.platform.DragAndDropModifierOnDragListener$modifier$1
androidx.compose.ui.input.rotary.RotaryInputElement
androidx.compose.foundation.layout.OffsetElement
com.google.firebase.FirebaseCommonRegistrar
androidx.compose.ui.focus.FocusRequesterElement
androidx.compose.foundation.layout.WrapContentElement
androidx.compose.ui.viewinterop.FocusGroupPropertiesElement
androidx.startup.InitializationProvider
androidx.compose.ui.graphics.BlockGraphicsLayerElement
dagger.hilt.android.internal.managers.ActivityRetainedComponentManager$ActivityRetainedComponentBuilderEntryPoint
com.google.firebase.ktx.FirebaseCommonKtxRegistrar
androidx.compose.foundation.text.modifiers.TextAnnotatedStringElement
androidx.core.graphics.drawable.IconCompatParcelizer
androidx.navigation.compose.ComposeNavigator
androidx.compose.ui.layout.OnGloballyPositionedElement
dagger.hilt.android.internal.lifecycle.HiltViewModelFactory$ActivityCreatorEntryPoint
com.google.firebase.concurrent.ExecutorsRegistrar
com.google.firebase.installations.ktx.FirebaseInstallationsKtxRegistrar
dagger.hilt.android.internal.lifecycle.HiltViewModelFactory$ViewModelFactoriesEntryPoint
androidx.versionedparcelable.CustomVersionedParcelable
com.google.android.datatransport.runtime.scheduling.jobscheduling.JobInfoSchedulerService
androidx.compose.foundation.layout.HorizontalAlignElement
androidx.navigation.ActivityNavigator
androidx.compose.ui.focus.FocusChangedElement
com.google.firebase.datatransport.TransportRegistrar
com.google.android.gms.common.util.DynamiteApi
androidx.compose.foundation.text.handwriting.StylusHandwritingElementWithNegativePadding
androidx.lifecycle.ProcessLifecycleInitializer
androidx.compose.foundation.layout.PaddingValuesElement
androidx.compose.foundation.ClickableElement
androidx.compose.foundation.BackgroundElement
androidx.core.app.RemoteActionCompatParcelizer
com.google.firebase.installations.FirebaseInstallationsKtxRegistrar
androidx.compose.ui.draw.DrawWithCacheElement
androidx.compose.ui.semantics.ClearAndSetSemanticsElement
androidx.compose.ui.draw.DrawWithContentElement
androidx.navigation.NavGraphNavigator
androidx.navigation.compose.ComposeNavGraphNavigator
androidx.compose.ui.focus.FocusPropertiesElement
androidx.compose.ui.layout.OnSizeChangedModifier
androidx.compose.material3.MinimumInteractiveModifier
com.google.firebase.crashlytics.ktx.FirebaseCrashlyticsLegacyRegistrar
com.google.firebase.installations.FirebaseInstallationsRegistrar
androidx.compose.animation.EnterExitTransitionElement
androidx.compose.foundation.layout.FillElement
com.google.android.gms.common.api.internal.LifecycleCallback
androidx.compose.ui.draw.DrawBehindElement
com.google.firebase.sessions.SessionLifecycleService
androidx.compose.foundation.selection.ToggleableElement
androidx.compose.foundation.IndicationModifierElement
androidx.compose.foundation.layout.AspectRatioElement
androidx.compose.foundation.text.input.internal.LegacyAdaptingPlatformTextInputModifier
com.google.firebase.crashlytics.ktx.FirebaseCrashlyticsKtxRegistrar
androidx.compose.foundation.layout.SizeElement
androidx.core.app.RemoteActionCompat
com.google.firebase.components.ComponentRegistrar
androidx.graphics.path.PathIteratorPreApi34Impl
com.google.android.gms.dynamite.DynamiteModule$DynamiteLoaderClassLoader
kotlinx.coroutines.scheduling.CoroutineScheduler$Worker: java.lang.Object nextParkedWorker