app/build/outputs/mapping/release/usage.txt
com.agonlabs.nefesal.BuildConfig
com.agonlabs.nefesal.DaggerNefesAlApplication_HiltComponents_SingletonC$ActivityCImpl:
    public dagger.hilt.android.internal.builders.FragmentComponentBuilder fragmentComponentBuilder()
    public dagger.hilt.android.internal.builders.ViewComponentBuilder viewComponentBuilder()
com.agonlabs.nefesal.DaggerNefesAlApplication_HiltComponents_SingletonC$FragmentCBuilder
com.agonlabs.nefesal.DaggerNefesAlApplication_HiltComponents_SingletonC$FragmentCImpl
com.agonlabs.nefesal.DaggerNefesAlApplication_HiltComponents_SingletonC$ServiceCBuilder
com.agonlabs.nefesal.DaggerNefesAlApplication_HiltComponents_SingletonC$ServiceCImpl
com.agonlabs.nefesal.DaggerNefesAlApplication_HiltComponents_SingletonC$SingletonCImpl:
    public java.util.Set getDisableFragmentGetContextFix()
    public dagger.hilt.android.internal.builders.ServiceComponentBuilder serviceComponentBuilder()
com.agonlabs.nefesal.DaggerNefesAlApplication_HiltComponents_SingletonC$ViewCBuilder
com.agonlabs.nefesal.DaggerNefesAlApplication_HiltComponents_SingletonC$ViewCImpl
com.agonlabs.nefesal.DaggerNefesAlApplication_HiltComponents_SingletonC$ViewWithFragmentCBuilder
com.agonlabs.nefesal.DaggerNefesAlApplication_HiltComponents_SingletonC$ViewWithFragmentCImpl
com.agonlabs.nefesal.DaggerNefesAlApplication_HiltComponents_SingletonC:
    private void <init>()
com.agonlabs.nefesal.Hilt_MainActivity:
    void <init>(int)
    public synthetic bridge dagger.hilt.internal.GeneratedComponentManager componentManager()
com.agonlabs.nefesal.Hilt_NefesAlApplication:
    public synthetic bridge dagger.hilt.internal.GeneratedComponentManager componentManager()
com.agonlabs.nefesal.MainActivity:
    public static final int $stable
com.agonlabs.nefesal.NefesAlApplication:
    public final void setPreferencesManager(com.agonlabs.nefesal.util.PreferencesManager)
com.agonlabs.nefesal.NefesAlApplication_ComponentTreeDeps
com.agonlabs.nefesal.NefesAlApplication_HiltComponents$ActivityC$Builder
com.agonlabs.nefesal.NefesAlApplication_HiltComponents$ActivityCBuilderModule
com.agonlabs.nefesal.NefesAlApplication_HiltComponents$ActivityRetainedC$Builder
com.agonlabs.nefesal.NefesAlApplication_HiltComponents$ActivityRetainedCBuilderModule
com.agonlabs.nefesal.NefesAlApplication_HiltComponents$FragmentC$Builder
com.agonlabs.nefesal.NefesAlApplication_HiltComponents$FragmentC
com.agonlabs.nefesal.NefesAlApplication_HiltComponents$FragmentCBuilderModule
com.agonlabs.nefesal.NefesAlApplication_HiltComponents$ServiceC$Builder
com.agonlabs.nefesal.NefesAlApplication_HiltComponents$ServiceC
com.agonlabs.nefesal.NefesAlApplication_HiltComponents$ServiceCBuilderModule
com.agonlabs.nefesal.NefesAlApplication_HiltComponents$ViewC$Builder
com.agonlabs.nefesal.NefesAlApplication_HiltComponents$ViewC
com.agonlabs.nefesal.NefesAlApplication_HiltComponents$ViewCBuilderModule
com.agonlabs.nefesal.NefesAlApplication_HiltComponents$ViewModelC$Builder
com.agonlabs.nefesal.NefesAlApplication_HiltComponents$ViewModelCBuilderModule
com.agonlabs.nefesal.NefesAlApplication_HiltComponents$ViewWithFragmentC$Builder
com.agonlabs.nefesal.NefesAlApplication_HiltComponents$ViewWithFragmentC
com.agonlabs.nefesal.NefesAlApplication_HiltComponents$ViewWithFragmentCBuilderModule
com.agonlabs.nefesal.NefesAlApplication_HiltComponents
com.agonlabs.nefesal.NefesAlApplication_MembersInjector:
    private final javax.inject.Provider preferencesManagerProvider
    public void <init>(javax.inject.Provider)
    public static dagger.MembersInjector create(javax.inject.Provider)
    public void injectMembers(com.agonlabs.nefesal.NefesAlApplication)
    public synthetic bridge void injectMembers(java.lang.Object)
com.agonlabs.nefesal.R$array:
    public static int com_google_android_gms_fonts_certs_dev
    public static int com_google_android_gms_fonts_certs_prod
    private void <init>()
com.agonlabs.nefesal.R$color
...
androidx.compose.ui.focus.FocusRequesterModifierNodeKt:
    public static final boolean captureFocus(androidx.compose.ui.focus.FocusRequesterModifierNode)
    public static final boolean freeFocus(androidx.compose.ui.focus.FocusRequesterModifierNode)
    public static final androidx.compose.ui.layout.PinnableContainer$PinnedHandle pinFocusedChild(androidx.compose.ui.focus.FocusRequesterModifierNode)
    public static final boolean restoreFocusedChild(androidx.compose.ui.focus.FocusRequesterModifierNode)
    public static final boolean saveFocusedChild(androidx.compose.ui.focus.FocusRequesterModifierNode)
androidx.compose.ui.focus.FocusRestorerElement
androidx.compose.ui.focus.FocusRestorerKt$saveFocusedChild$1$1
androidx.compose.ui.focus.FocusRestorerKt
androidx.compose.ui.focus.FocusRestorerNode$onEnter$1
androidx.compose.ui.focus.FocusRestorerNode$onExit$1
androidx.compose.ui.focus.FocusRestorerNode
androidx.compose.ui.focus.FocusState:
    public abstract boolean isCaptured()
androidx.compose.ui.focus.FocusStateImpl:
    public boolean isCaptured()
androidx.compose.ui.focus.FocusTargetModifierNode:
    public abstract androidx.compose.ui.focus.FocusState getFocusState()
    public static synthetic void getFocusState$annotations()
androidx.compose.ui.focus.FocusTargetNode$FocusTargetElement:
    public static final int $stable
    public void inspectableProperties(androidx.compose.ui.platform.InspectorInfo)
androidx.compose.ui.focus.FocusTargetNode:
    private int previouslyFocusedChildHash
    public final void fetchCustomEnter-aToIllA$ui_release(int,kotlin.jvm.functions.Function1)
    public final void fetchCustomExit-aToIllA$ui_release(int,kotlin.jvm.functions.Function1)
    public synthetic bridge androidx.compose.ui.focus.FocusState getFocusState()
    public static synthetic void getFocusState$annotations()
    public final int getPreviouslyFocusedChildHash()
    public final void setPreviouslyFocusedChildHash(int)
androidx.compose.ui.focus.FocusTransactionManager:
    public final java.lang.Object withExistingTransaction(kotlin.jvm.functions.Function0,kotlin.jvm.functions.Function0)
    public static synthetic java.lang.Object withExistingTransaction$default(androidx.compose.ui.focus.FocusTransactionManager,kotlin.jvm.functions.Function0,kotlin.jvm.functions.Function0,int,java.lang.Object)
    public final java.lang.Object withNewTransaction(kotlin.jvm.functions.Function0,kotlin.jvm.functions.Function0)
    public static synthetic java.lang.Object withNewTransaction$default(androidx.compose.ui.focus.FocusTransactionManager,kotlin.jvm.functions.Function0,kotlin.jvm.functions.Function0,int,java.lang.Object)
androidx.compose.ui.focus.FocusTransactionsKt:
    public static final boolean captureFocus(androidx.compose.ui.focus.FocusTargetNode)
    public static synthetic boolean clearFocus$default(androidx.compose.ui.focus.FocusTargetNode,boolean,boolean,int,java.lang.Object)
    public static final boolean freeFocus(androidx.compose.ui.focus.FocusTargetNode)
androidx.compose.ui.focus.OneDimensionalFocusSearchKt:
    private static final java.lang.String InvalidFocusDirection
    private static final java.lang.String NoActiveChild
    private static final void forEachItemAfter(androidx.compose.runtime.collection.MutableVector,java.lang.Object,kotlin.jvm.functions.Function1)
    private static final void forEachItemBefore(androidx.compose.runtime.collection.MutableVector,java.lang.Object,kotlin.jvm.functions.Function1)
    private static synthetic void getInvalidFocusDirection$annotations()
    private static synthetic void getNoActiveChild$annotations()
androidx.compose.ui.focus.TwoDimensionalFocusSearchKt:
    private static final java.lang.String InvalidFocusDirection
    private static final java.lang.String NoActiveChild
androidx.compose.ui.geometry.CornerRadius$Companion:
    public static synthetic void getZero-kKHJgLs$annotations()